2025-10-29 16:07:44.439 [INFO] [background-preinit] traceId= o.h.validator.internal.util.Version - HV000001: Hibernate Validator 8.0.3.Final
2025-10-29 16:07:44.460 [INFO] [main] traceId= c.a.backend.BackendApplication - Starting BackendApplication using Java 21.0.8 with PID 63903 (/Users/bgrkrc/avukat-website/backend/target/classes started by bgrkrc in /Users/bgrkrc/avukat-website/backend)
2025-10-29 16:07:44.460 [INFO] [main] traceId= c.a.backend.BackendApplication - No active profile set, falling back to 1 default profile: "default"
2025-10-29 16:07:44.673 [INFO] [main] traceId= o.s.d.r.c.RepositoryConfigurationDelegate - Bootstrapping Spring Data JPA repositories in DEFAULT mode.
2025-10-29 16:07:44.695 [INFO] [main] traceId= o.s.d.r.c.RepositoryConfigurationDelegate - Finished Spring Data repository scanning in 19 ms. Found 6 JPA repository interfaces.
2025-10-29 16:07:44.852 [INFO] [main] traceId= o.s.b.w.e.tomcat.TomcatWebServer - Tomcat initialized with port 8080 (http)
2025-10-29 16:07:44.858 [INFO] [main] traceId= o.a.coyote.http11.Http11NioProtocol - Initializing ProtocolHandler ["http-nio-8080"]
2025-10-29 16:07:44.858 [INFO] [main] traceId= o.a.catalina.core.StandardService - Starting service [Tomcat]
2025-10-29 16:07:44.858 [INFO] [main] traceId= o.a.catalina.core.StandardEngine - Starting Servlet engine: [Apache Tomcat/10.1.46]
2025-10-29 16:07:44.873 [INFO] [main] traceId= o.a.c.c.C.[Tomcat].[localhost].[/] - Initializing Spring embedded WebApplicationContext
2025-10-29 16:07:44.874 [INFO] [main] traceId= o.s.b.w.s.c.ServletWebServerApplicationContext - Root WebApplicationContext: initialization completed in 402 ms
2025-10-29 16:07:44.935 [INFO] [main] traceId= o.h.jpa.internal.util.LogHelper - HHH000204: Processing PersistenceUnitInfo [name: default]
2025-10-29 16:07:44.960 [INFO] [main] traceId= org.hibernate.Version - HHH000412: Hibernate ORM core version 6.6.29.Final
2025-10-29 16:07:44.971 [INFO] [main] traceId= o.h.c.i.RegionFactoryInitiator - HHH000026: Second-level cache disabled
2025-10-29 16:07:45.053 [INFO] [main] traceId= o.s.o.j.p.SpringPersistenceUnitInfo - No LoadTimeWeaver setup: ignoring JPA class transformer
2025-10-29 16:07:45.061 [INFO] [main] traceId= com.zaxxer.hikari.HikariDataSource - HikariPool-1 - Starting...
2025-10-29 16:07:45.107 [INFO] [main] traceId= com.zaxxer.hikari.pool.HikariPool - HikariPool-1 - Added connection org.postgresql.jdbc.PgConnection@5315266
2025-10-29 16:07:45.108 [INFO] [main] traceId= com.zaxxer.hikari.HikariDataSource - HikariPool-1 - Start completed.
2025-10-29 16:07:45.130 [INFO] [main] traceId= o.hibernate.orm.connections.pooling - HHH10001005: Database info:
	Database JDBC URL [Connecting through datasource 'HikariDataSource (HikariPool-1)']
	Database driver: undefined/unknown
	Database version: 16.9
	Autocommit mode: undefined/unknown
	Isolation level: undefined/unknown
	Minimum pool size: undefined/unknown
	Maximum pool size: undefined/unknown
2025-10-29 16:07:45.445 [INFO] [main] traceId= o.h.e.t.j.p.i.JtaPlatformInitiator - HHH000489: No JTA platform available (set 'hibernate.transaction.jta.platform' to enable JTA platform integration)
2025-10-29 16:07:45.610 [INFO] [main] traceId= o.s.o.j.LocalContainerEntityManagerFactoryBean - Initialized JPA EntityManagerFactory for persistence unit 'default'
2025-10-29 16:07:45.757 [WARN] [main] traceId= o.s.b.a.o.j.JpaBaseConfiguration$JpaWebConfiguration - spring.jpa.open-in-view is enabled by default. Therefore, database queries may be performed during view rendering. Explicitly configure spring.jpa.open-in-view to disable this warning
2025-10-29 16:07:45.768 [WARN] [main] traceId= o.s.b.a.s.s.UserDetailsServiceAutoConfiguration - 

Using generated security password: 66f71eb7-1468-4c53-9648-9e9c6c4f8797

This generated password is for development use only. Your security configuration must be updated before running your application in production.

2025-10-29 16:07:45.770 [INFO] [main] traceId= o.s.s.c.a.a.c.InitializeUserDetailsBeanManagerConfigurer$InitializeUserDetailsManagerConfigurer - Global AuthenticationManager configured with UserDetailsService bean with name inMemoryUserDetailsManager
2025-10-29 16:07:45.912 [INFO] [main] traceId= o.a.coyote.http11.Http11NioProtocol - Starting ProtocolHandler ["http-nio-8080"]
2025-10-29 16:07:45.918 [INFO] [main] traceId= o.s.b.w.e.tomcat.TomcatWebServer - Tomcat started on port 8080 (http) with context path '/'
2025-10-29 16:07:45.921 [INFO] [main] traceId= c.a.backend.BackendApplication - Started BackendApplication in 1.609 seconds (process running for 2.196)
2025-10-29 16:08:04.424 [INFO] [SpringApplicationShutdownHook] traceId= o.s.b.w.e.tomcat.GracefulShutdown - Commencing graceful shutdown. Waiting for active requests to complete
2025-10-29 16:08:04.426 [INFO] [tomcat-shutdown] traceId= o.s.b.w.e.tomcat.GracefulShutdown - Graceful shutdown complete
2025-10-29 16:08:04.429 [INFO] [SpringApplicationShutdownHook] traceId= o.s.o.j.LocalContainerEntityManagerFactoryBean - Closing JPA EntityManagerFactory for persistence unit 'default'
2025-10-29 16:08:04.430 [INFO] [SpringApplicationShutdownHook] traceId= com.zaxxer.hikari.HikariDataSource - HikariPool-1 - Shutdown initiated...
2025-10-29 16:08:04.431 [INFO] [SpringApplicationShutdownHook] traceId= com.zaxxer.hikari.HikariDataSource - HikariPool-1 - Shutdown completed.
